# JRE version: Java(TM) SE Runtime Environment (8.0_181-b13) (build 1.8.0_181-b13)
# Java VM: Java HotSpot(TM) 64-Bit Server VM (25.181-b13 mixed mode linux-amd64 compressed oops)
Heap:
 PSYoungGen      total 202240K, used 160903K [0x0000000781f80000, 0x0000000793400000, 0x00000007c0000000)
  eden space 194560K, 82% used [0x0000000781f80000,0x000000078bca1c40,0x000000078dd80000)
  from space 7680K, 0% used [0x000000078dd80000,0x000000078dd80000,0x000000078e500000)
  to   space 10752K, 0% used [0x0000000792980000,0x0000000792980000,0x0000000793400000)
 ParOldGen       total 110080K, used 10727K [0x0000000705e00000, 0x000000070c980000, 0x0000000781f80000)
  object space 110080K, 9% used [0x0000000705e00000,0x0000000706879f10,0x000000070c980000)
 Metaspace       used 46160K, capacity 46632K, committed 46848K, reserved 1089536K
  class space    used 6458K, capacity 6575K, committed 6656K, reserved 1048576K
GC Heap History (10 events):
Event: 4.022 GC heap before
{Heap before GC invocations=3 (full 0):
 PSYoungGen      total 104960K, used 37326K [0x0000000781f80000, 0x0000000788d80000, 0x00000007c0000000)
  eden space 97280K, 31% used [0x0000000781f80000,0x0000000783d719f8,0x0000000787e80000)
  from space 7680K, 86% used [0x0000000788600000,0x0000000788c82160,0x0000000788d80000)
  to   space 7680K, 0% used [0x0000000787e80000,0x0000000787e80000,0x0000000788600000)
 ParOldGen       total 128512K, used 88K [0x0000000705e00000, 0x000000070db80000, 0x0000000781f80000)
  object space 128512K, 0% used [0x0000000705e00000,0x0000000705e16028,0x000000070db80000)
 Metaspace       used 20902K, capacity 21082K, committed 21248K, reserved 1067008K
  class space    used 2940K, capacity 3013K, committed 3072K, reserved 1048576K
Event: 4.039 GC heap after
Heap after GC invocations=3 (full 0):
 PSYoungGen      total 104960K, used 6165K [0x0000000781f80000, 0x000000078ec80000, 0x00000007c0000000)
  eden space 97280K, 0% used [0x0000000781f80000,0x0000000781f80000,0x0000000787e80000)
  from space 7680K, 80% used [0x0000000787e80000,0x00000007884854b8,0x0000000788600000)
  to   space 7680K, 0% used [0x000000078e500000,0x000000078e500000,0x000000078ec80000)
 ParOldGen       total 128512K, used 96K [0x0000000705e00000, 0x000000070db80000, 0x0000000781f80000)
  object space 128512K, 0% used [0x0000000705e00000,0x0000000705e18028,0x000000070db80000)
 Metaspace       used 20902K, capacity 21082K, committed 21248K, reserved 1067008K
  class space    used 2940K, capacity 3013K, committed 3072K, reserved 1048576K
}
Event: 4.039 GC heap before
{Heap before GC invocations=4 (full 1):
 PSYoungGen      total 104960K, used 6165K [0x0000000781f80000, 0x000000078ec80000, 0x00000007c0000000)
  eden space 97280K, 0% used [0x0000000781f80000,0x0000000781f80000,0x0000000787e80000)
  from space 7680K, 80% used [0x0000000787e80000,0x00000007884854b8,0x0000000788600000)
  to   space 7680K, 0% used [0x000000078e500000,0x000000078e500000,0x000000078ec80000)
 ParOldGen       total 128512K, used 96K [0x0000000705e00000, 0x000000070db80000, 0x0000000781f80000)
  object space 128512K, 0% used [0x0000000705e00000,0x0000000705e18028,0x000000070db80000)
 Metaspace       used 20902K, capacity 21082K, committed 21248K, reserved 1067008K
  class space    used 2940K, capacity 3013K, committed 3072K, reserved 1048576K
Event: 4.080 GC heap after
Heap after GC invocations=4 (full 1):
 PSYoungGen      total 104960K, used 0K [0x0000000781f80000, 0x000000078ec80000, 0x00000007c0000000)
  eden space 97280K, 0% used [0x0000000781f80000,0x0000000781f80000,0x0000000787e80000)
  from space 7680K, 0% used [0x0000000787e80000,0x0000000787e80000,0x0000000788600000)
  to   space 7680K, 0% used [0x000000078e500000,0x000000078e500000,0x000000078ec80000)
 ParOldGen       total 72192K, used 5956K [0x0000000705e00000, 0x000000070a480000, 0x0000000781f80000)
  object space 72192K, 8% used [0x0000000705e00000,0x00000007063d13d8,0x000000070a480000)
 Metaspace       used 20902K, capacity 21082K, committed 21248K, reserved 1067008K
  class space    used 2940K, capacity 3013K, committed 3072K, reserved 1048576K
}
Event: 5.734 GC heap before
{Heap before GC invocations=5 (full 1):
 PSYoungGen      total 104960K, used 97280K [0x0000000781f80000, 0x000000078ec80000, 0x00000007c0000000)
  eden space 97280K, 100% used [0x0000000781f80000,0x0000000787e80000,0x0000000787e80000)
  from space 7680K, 0% used [0x0000000787e80000,0x0000000787e80000,0x0000000788600000)
  to   space 7680K, 0% used [0x000000078e500000,0x000000078e500000,0x000000078ec80000)
 ParOldGen       total 72192K, used 5956K [0x0000000705e00000, 0x000000070a480000, 0x0000000781f80000)
  object space 72192K, 8% used [0x0000000705e00000,0x00000007063d13d8,0x000000070a480000)
 Metaspace       used 29881K, capacity 30166K, committed 30592K, reserved 1075200K
  class space    used 4281K, capacity 4371K, committed 4480K, reserved 1048576K
Event: 5.760 GC heap after
Heap after GC invocations=5 (full 1):
 PSYoungGen      total 166912K, used 7651K [0x0000000781f80000, 0x000000078ec80000, 0x00000007c0000000)
  eden space 159232K, 0% used [0x0000000781f80000,0x0000000781f80000,0x000000078bb00000)
  from space 7680K, 99% used [0x000000078e500000,0x000000078ec78e20,0x000000078ec80000)
  to   space 7680K, 0% used [0x000000078dd80000,0x000000078dd80000,0x000000078e500000)
 ParOldGen       total 72192K, used 9074K [0x0000000705e00000, 0x000000070a480000, 0x0000000781f80000)
  object space 72192K, 12% used [0x0000000705e00000,0x00000007066dca38,0x000000070a480000)
 Metaspace       used 29881K, capacity 30166K, committed 30592K, reserved 1075200K
  class space    used 4281K, capacity 4371K, committed 4480K, reserved 1048576K
}
Event: 6.753 GC heap before
{Heap before GC invocations=6 (full 1):
 PSYoungGen      total 166912K, used 68735K [0x0000000781f80000, 0x000000078ec80000, 0x00000007c0000000)
  eden space 159232K, 38% used [0x0000000781f80000,0x0000000785b26f90,0x000000078bb00000)
  from space 7680K, 99% used [0x000000078e500000,0x000000078ec78e20,0x000000078ec80000)
  to   space 7680K, 0% used [0x000000078dd80000,0x000000078dd80000,0x000000078e500000)
 ParOldGen       total 72192K, used 9074K [0x0000000705e00000, 0x000000070a480000, 0x0000000781f80000)
  object space 72192K, 12% used [0x0000000705e00000,0x00000007066dca38,0x000000070a480000)
 Metaspace       used 34969K, capacity 35200K, committed 35416K, reserved 1079296K
  class space    used 4960K, capacity 5057K, committed 5120K, reserved 1048576K
Event: 6.772 GC heap after
Heap after GC invocations=6 (full 1):
 PSYoungGen      total 202240K, used 7305K [0x0000000781f80000, 0x0000000793400000, 0x00000007c0000000)
  eden space 194560K, 0% used [0x0000000781f80000,0x0000000781f80000,0x000000078dd80000)
  from space 7680K, 95% used [0x000000078dd80000,0x000000078e4a2530,0x000000078e500000)
  to   space 10752K, 0% used [0x0000000792980000,0x0000000792980000,0x0000000793400000)
 ParOldGen       total 72192K, used 9082K [0x0000000705e00000, 0x000000070a480000, 0x0000000781f80000)
  object space 72192K, 12% used [0x0000000705e00000,0x00000007066dea38,0x000000070a480000)
 Metaspace       used 34969K, capacity 35200K, committed 35416K, reserved 1079296K
  class space    used 4960K, capacity 5057K, committed 5120K, reserved 1048576K
}
Event: 6.772 GC heap before
{Heap before GC invocations=7 (full 2):
 PSYoungGen      total 202240K, used 7305K [0x0000000781f80000, 0x0000000793400000, 0x00000007c0000000)
  eden space 194560K, 0% used [0x0000000781f80000,0x0000000781f80000,0x000000078dd80000)
  from space 7680K, 95% used [0x000000078dd80000,0x000000078e4a2530,0x000000078e500000)
  to   space 10752K, 0% used [0x0000000792980000,0x0000000792980000,0x0000000793400000)
 ParOldGen       total 72192K, used 9082K [0x0000000705e00000, 0x000000070a480000, 0x0000000781f80000)
  object space 72192K, 12% used [0x0000000705e00000,0x00000007066dea38,0x000000070a480000)
 Metaspace       used 34969K, capacity 35200K, committed 35416K, reserved 1079296K
  class space    used 4960K, capacity 5057K, committed 5120K, reserved 1048576K
Event: 6.828 GC heap after
Heap after GC invocations=7 (full 2):
 PSYoungGen      total 202240K, used 0K [0x0000000781f80000, 0x0000000793400000, 0x00000007c0000000)
  eden space 194560K, 0% used [0x0000000781f80000,0x0000000781f80000,0x000000078dd80000)
  from space 7680K, 0% used [0x000000078dd80000,0x000000078dd80000,0x000000078e500000)
  to   space 10752K, 0% used [0x0000000792980000,0x0000000792980000,0x0000000793400000)
 ParOldGen       total 110080K, used 10727K [0x0000000705e00000, 0x000000070c980000, 0x0000000781f80000)
  object space 110080K, 9% used [0x0000000705e00000,0x0000000706879f10,0x000000070c980000)
 Metaspace       used 34965K, capacity 35194K, committed 35416K, reserved 1079296K
  class space    used 4959K, capacity 5056K, committed 5120K, reserved 1048576K
}

