# JRE version: Java(TM) SE Runtime Environment (8.0_181-b13) (build 1.8.0_181-b13)
# Java VM: Java HotSpot(TM) 64-Bit Server VM (25.181-b13 mixed mode linux-amd64 compressed oops)
Heap:
 PSYoungGen      total 200192K, used 10980K [0x0000000781f80000, 0x000000078f100000, 0x00000007c0000000)
  eden space 186368K, 5% used [0x0000000781f80000,0x0000000782a392a8,0x000000078d580000)
  from space 13824K, 0% used [0x000000078d580000,0x000000078d580000,0x000000078e300000)
  to   space 13824K, 0% used [0x000000078e380000,0x000000078e380000,0x000000078f100000)
 ParOldGen       total 111616K, used 7692K [0x0000000705e00000, 0x000000070cb00000, 0x0000000781f80000)
  object space 111616K, 6% used [0x0000000705e00000,0x00000007065831a0,0x000000070cb00000)
 Metaspace       used 46292K, capacity 46576K, committed 47360K, reserved 1089536K
  class space    used 6466K, capacity 6551K, committed 6656K, reserved 1048576K
GC Heap History (10 events):
Event: 7304.311 GC heap before
{Heap before GC invocations=13 (full 4):
 PSYoungGen      total 199168K, used 352K [0x0000000781f80000, 0x000000078f000000, 0x00000007c0000000)
  eden space 186880K, 0% used [0x0000000781f80000,0x0000000781f80000,0x000000078d600000)
  from space 12288K, 2% used [0x000000078d600000,0x000000078d658000,0x000000078e200000)
  to   space 13312K, 0% used [0x000000078e300000,0x000000078e300000,0x000000078f000000)
 ParOldGen       total 111616K, used 10733K [0x0000000705e00000, 0x000000070cb00000, 0x0000000781f80000)
  object space 111616K, 9% used [0x0000000705e00000,0x000000070687b688,0x000000070cb00000)
 Metaspace       used 46536K, capacity 46944K, committed 47104K, reserved 1089536K
  class space    used 6507K, capacity 6611K, committed 6656K, reserved 1048576K
Event: 7304.482 GC heap after
Heap after GC invocations=13 (full 4):
 PSYoungGen      total 199168K, used 0K [0x0000000781f80000, 0x000000078f000000, 0x00000007c0000000)
  eden space 186880K, 0% used [0x0000000781f80000,0x0000000781f80000,0x000000078d600000)
  from space 12288K, 0% used [0x000000078d600000,0x000000078d600000,0x000000078e200000)
  to   space 13312K, 0% used [0x000000078e300000,0x000000078e300000,0x000000078f000000)
 ParOldGen       total 111616K, used 7764K [0x0000000705e00000, 0x000000070cb00000, 0x0000000781f80000)
  object space 111616K, 6% used [0x0000000705e00000,0x0000000706595098,0x000000070cb00000)
 Metaspace       used 46212K, capacity 46416K, committed 47104K, reserved 1089536K
  class space    used 6456K, capacity 6519K, committed 6656K, reserved 1048576K
}
Event: 7304.482 GC heap before
{Heap before GC invocations=14 (full 4):
 PSYoungGen      total 199168K, used 1868K [0x0000000781f80000, 0x000000078f000000, 0x00000007c0000000)
  eden space 186880K, 1% used [0x0000000781f80000,0x0000000782153388,0x000000078d600000)
  from space 12288K, 0% used [0x000000078d600000,0x000000078d600000,0x000000078e200000)
  to   space 13312K, 0% used [0x000000078e300000,0x000000078e300000,0x000000078f000000)
 ParOldGen       total 111616K, used 7764K [0x0000000705e00000, 0x000000070cb00000, 0x0000000781f80000)
  object space 111616K, 6% used [0x0000000705e00000,0x0000000706595098,0x000000070cb00000)
 Metaspace       used 46212K, capacity 46416K, committed 47104K, reserved 1089536K
  class space    used 6456K, capacity 6519K, committed 6656K, reserved 1048576K
Event: 7304.493 GC heap after
Heap after GC invocations=14 (full 4):
 PSYoungGen      total 199680K, used 64K [0x0000000781f80000, 0x000000078f100000, 0x00000007c0000000)
  eden space 186368K, 0% used [0x0000000781f80000,0x0000000781f80000,0x000000078d580000)
  from space 13312K, 0% used [0x000000078e300000,0x000000078e310000,0x000000078f000000)
  to   space 13824K, 0% used [0x000000078d580000,0x000000078d580000,0x000000078e300000)
 ParOldGen       total 111616K, used 7764K [0x0000000705e00000, 0x000000070cb00000, 0x0000000781f80000)
  object space 111616K, 6% used [0x0000000705e00000,0x0000000706595098,0x000000070cb00000)
 Metaspace       used 46212K, capacity 46416K, committed 47104K, reserved 1089536K
  class space    used 6456K, capacity 6519K, committed 6656K, reserved 1048576K
}
Event: 7304.493 GC heap before
{Heap before GC invocations=15 (full 5):
 PSYoungGen      total 199680K, used 64K [0x0000000781f80000, 0x000000078f100000, 0x00000007c0000000)
  eden space 186368K, 0% used [0x0000000781f80000,0x0000000781f80000,0x000000078d580000)
  from space 13312K, 0% used [0x000000078e300000,0x000000078e310000,0x000000078f000000)
  to   space 13824K, 0% used [0x000000078d580000,0x000000078d580000,0x000000078e300000)
 ParOldGen       total 111616K, used 7764K [0x0000000705e00000, 0x000000070cb00000, 0x0000000781f80000)
  object space 111616K, 6% used [0x0000000705e00000,0x0000000706595098,0x000000070cb00000)
 Metaspace       used 46212K, capacity 46416K, committed 47104K, reserved 1089536K
  class space    used 6456K, capacity 6519K, committed 6656K, reserved 1048576K
Event: 7304.565 GC heap after
Heap after GC invocations=15 (full 5):
 PSYoungGen      total 199680K, used 0K [0x0000000781f80000, 0x000000078f100000, 0x00000007c0000000)
  eden space 186368K, 0% used [0x0000000781f80000,0x0000000781f80000,0x000000078d580000)
  from space 13312K, 0% used [0x000000078e300000,0x000000078e300000,0x000000078f000000)
  to   space 13824K, 0% used [0x000000078d580000,0x000000078d580000,0x000000078e300000)
 ParOldGen       total 111616K, used 7762K [0x0000000705e00000, 0x000000070cb00000, 0x0000000781f80000)
  object space 111616K, 6% used [0x0000000705e00000,0x0000000706594840,0x000000070cb00000)
 Metaspace       used 46212K, capacity 46416K, committed 47104K, reserved 1089536K
  class space    used 6456K, capacity 6519K, committed 6656K, reserved 1048576K
}
Event: 7304.592 GC heap before
{Heap before GC invocations=16 (full 5):
 PSYoungGen      total 199680K, used 4277K [0x0000000781f80000, 0x000000078f100000, 0x00000007c0000000)
  eden space 186368K, 2% used [0x0000000781f80000,0x00000007823ad5c8,0x000000078d580000)
  from space 13312K, 0% used [0x000000078e300000,0x000000078e300000,0x000000078f000000)
  to   space 13824K, 0% used [0x000000078d580000,0x000000078d580000,0x000000078e300000)
 ParOldGen       total 111616K, used 7762K [0x0000000705e00000, 0x000000070cb00000, 0x0000000781f80000)
  object space 111616K, 6% used [0x0000000705e00000,0x0000000706594840,0x000000070cb00000)
 Metaspace       used 46215K, capacity 46416K, committed 47104K, reserved 1089536K
  class space    used 6456K, capacity 6519K, committed 6656K, reserved 1048576K
Event: 7304.595 GC heap after
Heap after GC invocations=16 (full 5):
 PSYoungGen      total 200192K, used 32K [0x0000000781f80000, 0x000000078f100000, 0x00000007c0000000)
  eden space 186368K, 0% used [0x0000000781f80000,0x0000000781f80000,0x000000078d580000)
  from space 13824K, 0% used [0x000000078d580000,0x000000078d588000,0x000000078e300000)
  to   space 13824K, 0% used [0x000000078e380000,0x000000078e380000,0x000000078f100000)
 ParOldGen       total 111616K, used 7762K [0x0000000705e00000, 0x000000070cb00000, 0x0000000781f80000)
  object space 111616K, 6% used [0x0000000705e00000,0x0000000706594840,0x000000070cb00000)
 Metaspace       used 46215K, capacity 46416K, committed 47104K, reserved 1089536K
  class space    used 6456K, capacity 6519K, committed 6656K, reserved 1048576K
}
Event: 7304.595 GC heap before
{Heap before GC invocations=17 (full 6):
 PSYoungGen      total 200192K, used 32K [0x0000000781f80000, 0x000000078f100000, 0x00000007c0000000)
  eden space 186368K, 0% used [0x0000000781f80000,0x0000000781f80000,0x000000078d580000)
  from space 13824K, 0% used [0x000000078d580000,0x000000078d588000,0x000000078e300000)
  to   space 13824K, 0% used [0x000000078e380000,0x000000078e380000,0x000000078f100000)
 ParOldGen       total 111616K, used 7762K [0x0000000705e00000, 0x000000070cb00000, 0x0000000781f80000)
  object space 111616K, 6% used [0x0000000705e00000,0x0000000706594840,0x000000070cb00000)
 Metaspace       used 46215K, capacity 46416K, committed 47104K, reserved 1089536K
  class space    used 6456K, capacity 6519K, committed 6656K, reserved 1048576K
Event: 7304.803 GC heap after
Heap after GC invocations=17 (full 6):
 PSYoungGen      total 200192K, used 0K [0x0000000781f80000, 0x000000078f100000, 0x00000007c0000000)
  eden space 186368K, 0% used [0x0000000781f80000,0x0000000781f80000,0x000000078d580000)
  from space 13824K, 0% used [0x000000078d580000,0x000000078d580000,0x000000078e300000)
  to   space 13824K, 0% used [0x000000078e380000,0x000000078e380000,0x000000078f100000)
 ParOldGen       total 111616K, used 7692K [0x0000000705e00000, 0x000000070cb00000, 0x0000000781f80000)
  object space 111616K, 6% used [0x0000000705e00000,0x00000007065831a0,0x000000070cb00000)
 Metaspace       used 46215K, capacity 46416K, committed 47104K, reserved 1089536K
  class space    used 6456K, capacity 6519K, committed 6656K, reserved 1048576K
}

